\BOOKMARK [1][-]{section.1}{Zadanie do wykonania}{}% 1
\BOOKMARK [1][-]{section.2}{Formu\233y matematyczne w TeXu}{}% 2
\BOOKMARK [2][-]{subsection.2.1}{Zapis Matematyczny}{section.2}% 3
\BOOKMARK [3][-]{subsubsection.2.1.1}{Tryb matematyczny}{subsection.2.1}% 4
\BOOKMARK [3][-]{subsubsection.2.1.2}{Indeks g\363rny i dolny}{subsection.2.1}% 5
\BOOKMARK [3][-]{subsubsection.2.1.3}{Duze operatory matematyczne}{subsection.2.1}% 6
\BOOKMARK [3][-]{subsubsection.2.1.4}{pdf po kompilacji}{subsection.2.1}% 7
\BOOKMARK [3][-]{subsubsection.2.1.5}{Kod TeXa przed kompilacja}{subsection.2.1}% 8
\BOOKMARK [3][-]{subsubsection.2.1.6}{pdf po kompilacji}{subsection.2.1}% 9
\BOOKMARK [3][-]{subsubsection.2.1.7}{Kod TeXa przed kompilacja}{subsection.2.1}% 10
\BOOKMARK [3][-]{subsubsection.2.1.8}{pdf po kompilacji}{subsection.2.1}% 11
\BOOKMARK [2][-]{subsection.2.2}{Alfabet Grecki}{section.2}% 12
\BOOKMARK [3][-]{subsubsection.2.2.1}{Kod TeXa przed kompilacja}{subsection.2.2}% 13
\BOOKMARK [3][-]{subsubsection.2.2.2}{pdf po kompilacji}{subsection.2.2}% 14
\BOOKMARK [3][-]{subsubsection.2.2.3}{Kod TeXa przed kompilacja}{subsection.2.2}% 15
\BOOKMARK [3][-]{subsubsection.2.2.4}{pdf po kompilacji}{subsection.2.2}% 16
\BOOKMARK [2][-]{subsection.2.3}{Symbole}{section.2}% 17
\BOOKMARK [3][-]{subsubsection.2.3.1}{Kod TeXa przed kompilacja}{subsection.2.3}% 18
\BOOKMARK [3][-]{subsubsection.2.3.2}{pdf po kompilacji}{subsection.2.3}% 19
\BOOKMARK [3][-]{subsubsection.2.3.3}{Kod TeXa przed kompilacja}{subsection.2.3}% 20
\BOOKMARK [3][-]{subsubsection.2.3.4}{pdf po kompilacji}{subsection.2.3}% 21
\BOOKMARK [2][-]{subsection.2.4}{Formatowanie}{section.2}% 22
\BOOKMARK [3][-]{subsubsection.2.4.1}{Kod TeXa przed kompilacja}{subsection.2.4}% 23
\BOOKMARK [3][-]{subsubsection.2.4.2}{pdf po kompilacji}{subsection.2.4}% 24
\BOOKMARK [2][-]{subsection.2.5}{Nawiasy}{section.2}% 25
\BOOKMARK [3][-]{subsubsection.2.5.1}{Kod TeXa przed kompilacja}{subsection.2.5}% 26
\BOOKMARK [3][-]{subsubsection.2.5.2}{pdf po kompilacji}{subsection.2.5}% 27
\BOOKMARK [2][-]{subsection.2.6}{Znaki}{section.2}% 28
\BOOKMARK [3][-]{subsubsection.2.6.1}{Kod TeXa przed kompilacja}{subsection.2.6}% 29
\BOOKMARK [3][-]{subsubsection.2.6.2}{pdf po kompilacji}{subsection.2.6}% 30
\BOOKMARK [3][-]{subsubsection.2.6.3}{Kod TeXa przed kompilacja}{subsection.2.6}% 31
\BOOKMARK [3][-]{subsubsection.2.6.4}{pdf po kompilacji}{subsection.2.6}% 32
\BOOKMARK [2][-]{subsection.2.7}{Inne symbole}{section.2}% 33
\BOOKMARK [3][-]{subsubsection.2.7.1}{Kod TeXa przed kompilacja}{subsection.2.7}% 34
\BOOKMARK [3][-]{subsubsection.2.7.2}{pdf po kompilacji}{subsection.2.7}% 35
\BOOKMARK [3][-]{subsubsection.2.7.3}{Kod TeXa przed kompilacja}{subsection.2.7}% 36
\BOOKMARK [3][-]{subsubsection.2.7.4}{pdf po kompilacji}{subsection.2.7}% 37
\BOOKMARK [3][-]{subsubsection.2.7.5}{Kod TeXa przed kompilacja}{subsection.2.7}% 38
\BOOKMARK [3][-]{subsubsection.2.7.6}{pdf po kompilacji}{subsection.2.7}% 39
\BOOKMARK [3][-]{subsubsection.2.7.7}{Kod TeXa przed kompilacja}{subsection.2.7}% 40
\BOOKMARK [3][-]{subsubsection.2.7.8}{pdf po kompilacji}{subsection.2.7}% 41
\BOOKMARK [2][-]{subsection.2.8}{Uzycie struktury array}{section.2}% 42
\BOOKMARK [3][-]{subsubsection.2.8.1}{Kod TeXa przed kompilacja}{subsection.2.8}% 43
\BOOKMARK [3][-]{subsubsection.2.8.2}{pdf po kompilacji}{subsection.2.8}% 44
\BOOKMARK [2][-]{subsection.2.9}{Uzycie srodowiska algorythmic}{section.2}% 45
\BOOKMARK [3][-]{subsubsection.2.9.1}{Kod TeXa przed kompilacja}{subsection.2.9}% 46
\BOOKMARK [3][-]{subsubsection.2.9.2}{pdf po kompilacji}{subsection.2.9}% 47
\BOOKMARK [2][-]{subsection.2.10}{Uzycie srodowiska equation}{section.2}% 48
\BOOKMARK [3][-]{subsubsection.2.10.1}{Kod TeXa przed kompilacja}{subsection.2.10}% 49
\BOOKMARK [3][-]{subsubsection.2.10.2}{pdf po kompilacji}{subsection.2.10}% 50
\BOOKMARK [1][-]{section.3}{Wzory do zapisania w TeXu}{}% 51
