\BOOKMARK [1][-]{section.1}{Formu\233y matematyczne w TeXu}{}% 1
\BOOKMARK [2][-]{subsection.1.1}{Zapis Matematyczny}{section.1}% 2
\BOOKMARK [3][-]{subsubsection.1.1.1}{Tryb matematyczny}{subsection.1.1}% 3
\BOOKMARK [3][-]{subsubsection.1.1.2}{Indeks g\363rny i dolny}{subsection.1.1}% 4
\BOOKMARK [3][-]{subsubsection.1.1.3}{Duze operatory matematyczne}{subsection.1.1}% 5
\BOOKMARK [3][-]{subsubsection.1.1.4}{pdf po kompilacji}{subsection.1.1}% 6
\BOOKMARK [3][-]{subsubsection.1.1.5}{Kod TeXa przed kompilacja}{subsection.1.1}% 7
\BOOKMARK [3][-]{subsubsection.1.1.6}{pdf po kompilacji}{subsection.1.1}% 8
\BOOKMARK [3][-]{subsubsection.1.1.7}{Kod TeXa przed kompilacja}{subsection.1.1}% 9
\BOOKMARK [3][-]{subsubsection.1.1.8}{pdf po kompilacji}{subsection.1.1}% 10
\BOOKMARK [2][-]{subsection.1.2}{Alfabet Grecki}{section.1}% 11
\BOOKMARK [3][-]{subsubsection.1.2.1}{Kod TeXa przed kompilacja}{subsection.1.2}% 12
\BOOKMARK [3][-]{subsubsection.1.2.2}{pdf po kompilacji}{subsection.1.2}% 13
\BOOKMARK [3][-]{subsubsection.1.2.3}{Kod TeXa przed kompilacja}{subsection.1.2}% 14
\BOOKMARK [3][-]{subsubsection.1.2.4}{pdf po kompilacji}{subsection.1.2}% 15
\BOOKMARK [2][-]{subsection.1.3}{Symbole}{section.1}% 16
\BOOKMARK [3][-]{subsubsection.1.3.1}{Kod TeXa przed kompilacja}{subsection.1.3}% 17
\BOOKMARK [3][-]{subsubsection.1.3.2}{pdf po kompilacji}{subsection.1.3}% 18
\BOOKMARK [3][-]{subsubsection.1.3.3}{Kod TeXa przed kompilacja}{subsection.1.3}% 19
\BOOKMARK [3][-]{subsubsection.1.3.4}{pdf po kompilacji}{subsection.1.3}% 20
\BOOKMARK [2][-]{subsection.1.4}{Formatowanie}{section.1}% 21
\BOOKMARK [3][-]{subsubsection.1.4.1}{Kod TeXa przed kompilacja}{subsection.1.4}% 22
\BOOKMARK [3][-]{subsubsection.1.4.2}{pdf po kompilacji}{subsection.1.4}% 23
\BOOKMARK [2][-]{subsection.1.5}{Nawiasy}{section.1}% 24
\BOOKMARK [3][-]{subsubsection.1.5.1}{Kod TeXa przed kompilacja}{subsection.1.5}% 25
\BOOKMARK [3][-]{subsubsection.1.5.2}{pdf po kompilacji}{subsection.1.5}% 26
\BOOKMARK [2][-]{subsection.1.6}{Znaki}{section.1}% 27
\BOOKMARK [3][-]{subsubsection.1.6.1}{Kod TeXa przed kompilacja}{subsection.1.6}% 28
\BOOKMARK [3][-]{subsubsection.1.6.2}{pdf po kompilacji}{subsection.1.6}% 29
\BOOKMARK [3][-]{subsubsection.1.6.3}{Kod TeXa przed kompilacja}{subsection.1.6}% 30
\BOOKMARK [3][-]{subsubsection.1.6.4}{pdf po kompilacji}{subsection.1.6}% 31
\BOOKMARK [2][-]{subsection.1.7}{Inne symbole}{section.1}% 32
\BOOKMARK [3][-]{subsubsection.1.7.1}{Kod TeXa przed kompilacja}{subsection.1.7}% 33
\BOOKMARK [3][-]{subsubsection.1.7.2}{pdf po kompilacji}{subsection.1.7}% 34
\BOOKMARK [3][-]{subsubsection.1.7.3}{Kod TeXa przed kompilacja}{subsection.1.7}% 35
\BOOKMARK [3][-]{subsubsection.1.7.4}{pdf po kompilacji}{subsection.1.7}% 36
\BOOKMARK [3][-]{subsubsection.1.7.5}{Kod TeXa przed kompilacja}{subsection.1.7}% 37
\BOOKMARK [3][-]{subsubsection.1.7.6}{pdf po kompilacji}{subsection.1.7}% 38
\BOOKMARK [3][-]{subsubsection.1.7.7}{Kod TeXa przed kompilacja}{subsection.1.7}% 39
\BOOKMARK [3][-]{subsubsection.1.7.8}{pdf po kompilacji}{subsection.1.7}% 40
\BOOKMARK [2][-]{subsection.1.8}{Uzycie struktury array}{section.1}% 41
\BOOKMARK [3][-]{subsubsection.1.8.1}{Kod TeXa przed kompilacja}{subsection.1.8}% 42
\BOOKMARK [3][-]{subsubsection.1.8.2}{pdf po kompilacji}{subsection.1.8}% 43
\BOOKMARK [2][-]{subsection.1.9}{Uzycie srodowiska algorythmic}{section.1}% 44
\BOOKMARK [3][-]{subsubsection.1.9.1}{Kod TeXa przed kompilacja}{subsection.1.9}% 45
\BOOKMARK [3][-]{subsubsection.1.9.2}{pdf po kompilacji}{subsection.1.9}% 46
\BOOKMARK [2][-]{subsection.1.10}{Uzycie srodowiska equation}{section.1}% 47
\BOOKMARK [3][-]{subsubsection.1.10.1}{Kod TeXa przed kompilacja}{subsection.1.10}% 48
\BOOKMARK [3][-]{subsubsection.1.10.2}{pdf po kompilacji}{subsection.1.10}% 49
\BOOKMARK [1][-]{section.2}{Polecenie do wykonania}{}% 50
