\BOOKMARK [1][-]{section.1}{Formu\233y matematyczne w TeXu}{}% 1
\BOOKMARK [2][-]{subsection.1.1}{Zapis Matematyczny}{section.1}% 2
\BOOKMARK [3][-]{subsubsection.1.1.1}{Tryb matematyczny}{subsection.1.1}% 3
\BOOKMARK [3][-]{subsubsection.1.1.2}{Indeks g\363rny i dolny}{subsection.1.1}% 4
\BOOKMARK [3][-]{subsubsection.1.1.3}{Podstawowe funkcje}{subsection.1.1}% 5
\BOOKMARK [3][-]{subsubsection.1.1.4}{Duze operatory matematyczne}{subsection.1.1}% 6
\BOOKMARK [3][-]{subsubsection.1.1.5}{Dwumiany }{subsection.1.1}% 7
\BOOKMARK [2][-]{subsection.1.2}{Nawiasy}{section.1}% 8
\BOOKMARK [3][-]{subsubsection.1.2.1}{Akcenty - Kod TeXa przed kompilacja}{subsection.1.2}% 9
\BOOKMARK [3][-]{subsubsection.1.2.2}{pdf po kompilacji}{subsection.1.2}% 10
\BOOKMARK [3][-]{subsubsection.1.2.3}{Kod TeXa przed kompilacja}{subsection.1.2}% 11
\BOOKMARK [3][-]{subsubsection.1.2.4}{pdf po kompilacji}{subsection.1.2}% 12
\BOOKMARK [2][-]{subsection.1.3}{Alfabet Grecki}{section.1}% 13
\BOOKMARK [3][-]{subsubsection.1.3.1}{Kod TeXa przed kompilacja}{subsection.1.3}% 14
\BOOKMARK [3][-]{subsubsection.1.3.2}{pdf po kompilacji}{subsection.1.3}% 15
\BOOKMARK [3][-]{subsubsection.1.3.3}{Kod TeXa przed kompilacja}{subsection.1.3}% 16
\BOOKMARK [3][-]{subsubsection.1.3.4}{pdf po kompilacji}{subsection.1.3}% 17
\BOOKMARK [2][-]{subsection.1.4}{Symbole}{section.1}% 18
\BOOKMARK [3][-]{subsubsection.1.4.1}{Kod TeXa przed kompilacja}{subsection.1.4}% 19
\BOOKMARK [3][-]{subsubsection.1.4.2}{pdf po kompilacji}{subsection.1.4}% 20
\BOOKMARK [3][-]{subsubsection.1.4.3}{Kod TeXa przed kompilacja}{subsection.1.4}% 21
\BOOKMARK [3][-]{subsubsection.1.4.4}{pdf po kompilacji}{subsection.1.4}% 22
\BOOKMARK [2][-]{subsection.1.5}{Nawiasy}{section.1}% 23
\BOOKMARK [3][-]{subsubsection.1.5.1}{Kod TeXa przed kompilacja}{subsection.1.5}% 24
\BOOKMARK [3][-]{subsubsection.1.5.2}{pdf po kompilacji}{subsection.1.5}% 25
\BOOKMARK [2][-]{subsection.1.6}{Znaki}{section.1}% 26
\BOOKMARK [3][-]{subsubsection.1.6.1}{Kod TeXa przed kompilacja}{subsection.1.6}% 27
\BOOKMARK [3][-]{subsubsection.1.6.2}{pdf po kompilacji}{subsection.1.6}% 28
\BOOKMARK [3][-]{subsubsection.1.6.3}{Kod TeXa przed kompilacja}{subsection.1.6}% 29
\BOOKMARK [3][-]{subsubsection.1.6.4}{pdf po kompilacji}{subsection.1.6}% 30
\BOOKMARK [2][-]{subsection.1.7}{Inne symbole}{section.1}% 31
\BOOKMARK [3][-]{subsubsection.1.7.1}{Kod TeXa przed kompilacja}{subsection.1.7}% 32
\BOOKMARK [3][-]{subsubsection.1.7.2}{pdf po kompilacji}{subsection.1.7}% 33
\BOOKMARK [3][-]{subsubsection.1.7.3}{Kod TeXa przed kompilacja}{subsection.1.7}% 34
\BOOKMARK [3][-]{subsubsection.1.7.4}{pdf po kompilacji}{subsection.1.7}% 35
\BOOKMARK [3][-]{subsubsection.1.7.5}{Kod TeXa przed kompilacja}{subsection.1.7}% 36
\BOOKMARK [3][-]{subsubsection.1.7.6}{pdf po kompilacji}{subsection.1.7}% 37
\BOOKMARK [3][-]{subsubsection.1.7.7}{Kod TeXa przed kompilacja}{subsection.1.7}% 38
\BOOKMARK [3][-]{subsubsection.1.7.8}{pdf po kompilacji}{subsection.1.7}% 39
\BOOKMARK [2][-]{subsection.1.8}{Uzycie struktury array}{section.1}% 40
\BOOKMARK [3][-]{subsubsection.1.8.1}{Kod TeXa przed kompilacja}{subsection.1.8}% 41
\BOOKMARK [3][-]{subsubsection.1.8.2}{pdf po kompilacji}{subsection.1.8}% 42
\BOOKMARK [2][-]{subsection.1.9}{Uzycie srodowiska algorithmic}{section.1}% 43
\BOOKMARK [3][-]{subsubsection.1.9.1}{Kod TeXa przed kompilacja}{subsection.1.9}% 44
\BOOKMARK [3][-]{subsubsection.1.9.2}{pdf po kompilacji}{subsection.1.9}% 45
\BOOKMARK [1][-]{section.2}{Polecenie do wykonania}{}% 46
