This is pdfTeX, Version 3.1415926-2.3-1.40.12 (MiKTeX 2.9 64-bit) (preloaded format=pdflatex 2013.1.17)  14 MAR 2016 12:23
entering extended mode
**c3_PU.tex
("D:\Dropbox\Programy u≈ºytkowe\c3\c3_PU.tex"
LaTeX2e <2011/06/27>
Babel <v3.8m> and hyphenation patterns for english, afrikaans, ancientgreek, ar
abic, armenian, assamese, basque, bengali, bokmal, bulgarian, catalan, coptic, 
croatian, czech, danish, dutch, esperanto, estonian, farsi, finnish, french, ga
lician, german, german-x-2009-06-19, greek, gujarati, hindi, hungarian, iceland
ic, indonesian, interlingua, irish, italian, kannada, kurmanji, lao, latin, lat
vian, lithuanian, malayalam, marathi, mongolian, mongolianlmc, monogreek, ngerm
an, ngerman-x-2009-06-19, nynorsk, oriya, panjabi, pinyin, polish, portuguese, 
romanian, russian, sanskrit, serbian, slovak, slovenian, spanish, swedish, swis
sgerman, tamil, telugu, turkish, turkmen, ukenglish, ukrainian, uppersorbian, u
senglishmax, welsh, loaded.
("C:\Program Files\MiKTeX 2.9\tex\latex\base\article.cls"
Document Class: article 2007/10/19 v1.4h Standard LaTeX document class
("C:\Program Files\MiKTeX 2.9\tex\latex\base\size12.clo"
File: size12.clo 2007/10/19 v1.4h Standard LaTeX file (size option)
)
\c@part=\count79
\c@section=\count80
\c@subsection=\count81
\c@subsubsection=\count82
\c@paragraph=\count83
\c@subparagraph=\count84
\c@figure=\count85
\c@table=\count86
\abovecaptionskip=\skip41
\belowcaptionskip=\skip42
\bibindent=\dimen102
)
("C:\Program Files\MiKTeX 2.9\tex\latex\geometry\geometry.sty"
Package: geometry 2010/09/12 v5.6 Page Geometry

("C:\Program Files\MiKTeX 2.9\tex\latex\graphics\keyval.sty"
Package: keyval 1999/03/16 v1.13 key=value parser (DPC)
\KV@toks@=\toks14
)
("C:\Program Files\MiKTeX 2.9\tex\generic\oberdiek\ifpdf.sty"
Package: ifpdf 2011/01/30 v2.3 Provides the ifpdf switch (HO)
Package ifpdf Info: pdfTeX in PDF mode is detected.
)
("C:\Program Files\MiKTeX 2.9\tex\generic\oberdiek\ifvtex.sty"
Package: ifvtex 2010/03/01 v1.5 Detect VTeX and its facilities (HO)
Package ifvtex Info: VTeX not detected.
)
("C:\Program Files\MiKTeX 2.9\tex\generic\ifxetex\ifxetex.sty"
Package: ifxetex 2010/09/12 v0.6 Provides ifxetex conditional
)
\Gm@cnth=\count87
\Gm@cntv=\count88
\c@Gm@tempcnt=\count89
\Gm@bindingoffset=\dimen103
\Gm@wd@mp=\dimen104
\Gm@odd@mp=\dimen105
\Gm@even@mp=\dimen106
\Gm@layoutwidth=\dimen107
\Gm@layoutheight=\dimen108
\Gm@layouthoffset=\dimen109
\Gm@layoutvoffset=\dimen110
\Gm@dimlist=\toks15

("C:\Program Files\MiKTeX 2.9\tex\latex\geometry\geometry.cfg"))
(C:\Users\ksirg\AppData\Roaming\MiKTeX\2.9\tex\latex\polski\polski.sty
Package: polski 2008/02/24 v1.3.3 Polish language package

Document language package `polski' v1.3.3 <2008/02/24>
\l@nohyphenation=\language70
   Switching to Polish text encoding and Polish maths fonts.
("C:\Program Files\MiKTeX 2.9\tex\latex\base\ot4enc.def"
File: ot4enc.def 2005/09/27 v1.99g Standard LaTeX file
)
LaTeX Font Info:    Try loading font information for OT4+cmr on input line 346.


(C:\Users\ksirg\AppData\Roaming\MiKTeX\2.9\tex\latex\polski\ot4cmr.fd
File: ot4cmr.fd 2008/02/24 v1.2.1 Font defs for fonts PL (MW)
)
LaTeX Font Info:    Overwriting math alphabet `\mathbf' in version `normal'
(Font)                  OT1/cmr/bx/n --> OT4/cmr/bx/n on input line 346.
LaTeX Font Info:    Overwriting math alphabet `\mathsf' in version `normal'
(Font)                  OT1/cmss/m/n --> OT4/cmss/m/n on input line 346.
LaTeX Font Info:    Overwriting math alphabet `\mathit' in version `normal'
(Font)                  OT1/cmr/m/it --> OT4/cmr/m/it on input line 346.
LaTeX Font Info:    Overwriting math alphabet `\mathtt' in version `normal'
(Font)                  OT1/cmtt/m/n --> OT4/cmtt/m/n on input line 346.
LaTeX Font Info:    Overwriting math alphabet `\mathsf' in version `bold'
(Font)                  OT1/cmss/bx/n --> OT4/cmss/bx/n on input line 346.
LaTeX Font Info:    Overwriting math alphabet `\mathit' in version `bold'
(Font)                  OT1/cmr/bx/it --> OT4/cmr/bx/it on input line 346.
LaTeX Font Info:    Encoding `OT1' has changed to `OT4' for symbol font
(Font)              `operators' in the math version `normal' on input line 346.

LaTeX Font Info:    Overwriting symbol font `operators' in version `normal'
(Font)                  OT1/cmr/m/n --> OT4/cmr/m/n on input line 346.
LaTeX Font Info:    Overwriting symbol font `letters' in version `normal'
(Font)                  OML/cmm/m/it --> OML/plm/m/it on input line 346.
LaTeX Font Info:    Overwriting symbol font `symbols' in version `normal'
(Font)                  OMS/cmsy/m/n --> OMS/plsy/m/n on input line 346.
LaTeX Font Info:    Overwriting symbol font `largesymbols' in version `normal'
(Font)                  OMX/cmex/m/n --> OMX/plex/m/n on input line 346.
LaTeX Font Info:    Encoding `OT1' has changed to `OT4' for symbol font
(Font)              `operators' in the math version `bold' on input line 346.
LaTeX Font Info:    Overwriting symbol font `operators' in version `bold'
(Font)                  OT1/cmr/bx/n --> OT4/cmr/bx/n on input line 346.
LaTeX Font Info:    Overwriting symbol font `letters' in version `bold'
(Font)                  OML/cmm/b/it --> OML/plm/b/it on input line 346.
LaTeX Font Info:    Overwriting symbol font `symbols' in version `bold'
(Font)                  OMS/cmsy/b/n --> OMS/plsy/b/n on input line 346.
)
("C:\Program Files\MiKTeX 2.9\tex\latex\base\inputenc.sty"
Package: inputenc 2008/03/30 v1.1d Input encoding file
\inpenc@prehook=\toks16
\inpenc@posthook=\toks17

("C:\Program Files\MiKTeX 2.9\tex\latex\base\cp1250.def"
File: cp1250.def 2008/03/30 v1.1d Input encoding file
))
("C:\Program Files\MiKTeX 2.9\tex\latex\hyperref\hyperref.sty"
Package: hyperref 2012/05/13 v6.82q Hypertext links for LaTeX

("C:\Program Files\MiKTeX 2.9\tex\generic\oberdiek\hobsub-hyperref.sty"
Package: hobsub-hyperref 2012/04/25 v1.12 Bundle oberdiek, subset hyperref (HO)


("C:\Program Files\MiKTeX 2.9\tex\generic\oberdiek\hobsub-generic.sty"
Package: hobsub-generic 2012/04/25 v1.12 Bundle oberdiek, subset generic (HO)
Package: hobsub 2012/04/25 v1.12 Construct package bundles (HO)
Package: infwarerr 2010/04/08 v1.3 Providing info/warning/error messages (HO)
Package: ltxcmds 2011/11/09 v1.22 LaTeX kernel commands for general use (HO)
Package: ifluatex 2010/03/01 v1.3 Provides the ifluatex switch (HO)
Package ifluatex Info: LuaTeX not detected.
Package hobsub Info: Skipping package `ifvtex' (already loaded).
Package: intcalc 2007/09/27 v1.1 Expandable calculations with integers (HO)
Package hobsub Info: Skipping package `ifpdf' (already loaded).
Package: etexcmds 2011/02/16 v1.5 Avoid name clashes with e-TeX commands (HO)
Package etexcmds Info: Could not find \expanded.
(etexcmds)             That can mean that you are not using pdfTeX 1.50 or
(etexcmds)             that some package has redefined \expanded.
(etexcmds)             In the latter case, load this package earlier.
Package: kvsetkeys 2012/04/25 v1.16 Key value parser (HO)
Package: kvdefinekeys 2011/04/07 v1.3 Define keys (HO)
Package: pdftexcmds 2011/11/29 v0.20 Utility functions of pdfTeX for LuaTeX (HO
)
Package pdftexcmds Info: LuaTeX not detected.
Package pdftexcmds Info: \pdf@primitive is available.
Package pdftexcmds Info: \pdf@ifprimitive is available.
Package pdftexcmds Info: \pdfdraftmode found.
Package: pdfescape 2011/11/25 v1.13 Implements pdfTeX's escape features (HO)
Package: bigintcalc 2012/04/08 v1.3 Expandable calculations on big integers (HO
)
Package: bitset 2011/01/30 v1.1 Handle bit-vector datatype (HO)
Package: uniquecounter 2011/01/30 v1.2 Provide unlimited unique counter (HO)
)
Package hobsub Info: Skipping package `hobsub' (already loaded).
Package: letltxmacro 2010/09/02 v1.4 Let assignment for LaTeX macros (HO)
Package: hopatch 2011/06/24 v1.1 Wrapper for package hooks (HO)
Package: xcolor-patch 2011/01/30 xcolor patch
Package: atveryend 2011/06/30 v1.8 Hooks at the very end of document (HO)
Package atveryend Info: \enddocument detected (standard20110627).
Package: atbegshi 2011/10/05 v1.16 At begin shipout hook (HO)
Package: refcount 2011/10/16 v3.4 Data extraction from label references (HO)
Package: hycolor 2011/01/30 v1.7 Color options for hyperref/bookmark (HO)
)
("C:\Program Files\MiKTeX 2.9\tex\latex\oberdiek\kvoptions.sty"
Package: kvoptions 2011/06/30 v3.11 Key value format for package options (HO)
)
\@linkdim=\dimen111
\Hy@linkcounter=\count90
\Hy@pagecounter=\count91

("C:\Program Files\MiKTeX 2.9\tex\latex\hyperref\pd1enc.def"
File: pd1enc.def 2012/05/13 v6.82q Hyperref: PDFDocEncoding definition (HO)
)
\Hy@SavedSpaceFactor=\count92

("C:\Program Files\MiKTeX 2.9\tex\latex\00miktex\hyperref.cfg"
File: hyperref.cfg 2002/06/06 v1.2 hyperref configuration of TeXLive
)
Package hyperref Info: Hyper figures OFF on input line 4062.
Package hyperref Info: Link nesting OFF on input line 4067.
Package hyperref Info: Hyper index ON on input line 4070.
Package hyperref Info: Plain pages OFF on input line 4077.
Package hyperref Info: Backreferencing OFF on input line 4082.
Package hyperref Info: Implicit mode ON; LaTeX internals redefined.
Package hyperref Info: Bookmarks ON on input line 4300.
\c@Hy@tempcnt=\count93

("C:\Program Files\MiKTeX 2.9\tex\latex\ltxmisc\url.sty"
\Urlmuskip=\muskip10
Package: url 2006/04/12  ver 3.3  Verb mode for urls, etc.
)
LaTeX Info: Redefining \url on input line 4653.
\Fld@menulength=\count94
\Field@Width=\dimen112
\Fld@charsize=\dimen113
Package hyperref Info: Hyper figures OFF on input line 5773.
Package hyperref Info: Link nesting OFF on input line 5778.
Package hyperref Info: Hyper index ON on input line 5781.
Package hyperref Info: backreferencing OFF on input line 5788.
Package hyperref Info: Link coloring OFF on input line 5793.
Package hyperref Info: Link coloring with OCG OFF on input line 5798.
Package hyperref Info: PDF/A mode OFF on input line 5803.
LaTeX Info: Redefining \ref on input line 5843.
LaTeX Info: Redefining \pageref on input line 5847.
\Hy@abspage=\count95
\c@Item=\count96
\c@Hfootnote=\count97
)

Package hyperref Message: Driver: hpdftex.

("C:\Program Files\MiKTeX 2.9\tex\latex\hyperref\hpdftex.def"
File: hpdftex.def 2012/05/13 v6.82q Hyperref driver for pdfTeX
\Fld@listcount=\count98
\c@bookmark@seq@number=\count99

("C:\Program Files\MiKTeX 2.9\tex\latex\oberdiek\rerunfilecheck.sty"
Package: rerunfilecheck 2011/04/15 v1.7 Rerun checks for auxiliary files (HO)
Package uniquecounter Info: New unique counter `rerunfilecheck' on input line 2
82.
)
\Hy@SectionHShift=\skip43
)
("C:\Program Files\MiKTeX 2.9\tex\latex\base\makeidx.sty"
Package: makeidx 2000/03/29 v1.0m Standard LaTeX package
)
(C:\Users\ksirg\AppData\Roaming\MiKTeX\2.9\tex\latex\caption\caption.sty
Package: caption 2013/02/03 v3.3-65 Customizing captions (AR)

(C:\Users\ksirg\AppData\Roaming\MiKTeX\2.9\tex\latex\caption\caption3.sty
Package: caption3 2013/02/03 v1.5-62 caption3 kernel (AR)
\captionmargin=\dimen114
\captionmargin@=\dimen115
\captionwidth=\dimen116
\caption@tempdima=\dimen117
\caption@indent=\dimen118
\caption@parindent=\dimen119
\caption@hangindent=\dimen120
)
\c@ContinuedFloat=\count100
Package caption Info: hyperref package is loaded.
)
(C:\Users\ksirg\AppData\Roaming\MiKTeX\2.9\tex\latex\algorithms\algorithmic.sty
Package: algorithmic 2009/08/24 v0.1 Document Style `algorithmic'
("C:\Program Files\MiKTeX 2.9\tex\latex\base\ifthen.sty"
Package: ifthen 2001/05/26 v1.1c Standard LaTeX ifthen package (DPC)
)
\c@ALC@unique=\count101
\c@ALC@line=\count102
\c@ALC@rem=\count103
\c@ALC@depth=\count104
\ALC@tlm=\skip44
\algorithmicindent=\skip45
)
("C:\Program Files\MiKTeX 2.9\tex\latex\tools\enumerate.sty"
Package: enumerate 1999/03/05 v3.00 enumerate extensions (DPC)
\@enLab=\toks18
)
("C:\Program Files\MiKTeX 2.9\tex\latex\graphics\graphicx.sty"
Package: graphicx 1999/02/16 v1.0f Enhanced LaTeX Graphics (DPC,SPQR)

("C:\Program Files\MiKTeX 2.9\tex\latex\graphics\graphics.sty"
Package: graphics 2009/02/05 v1.0o Standard LaTeX Graphics (DPC,SPQR)

("C:\Program Files\MiKTeX 2.9\tex\latex\graphics\trig.sty"
Package: trig 1999/03/16 v1.09 sin cos tan (DPC)
)
("C:\Program Files\MiKTeX 2.9\tex\latex\00miktex\graphics.cfg"
File: graphics.cfg 2007/01/18 v1.5 graphics configuration of teTeX/TeXLive
)
Package graphics Info: Driver file: pdftex.def on input line 91.

("C:\Program Files\MiKTeX 2.9\tex\latex\pdftex-def\pdftex.def"
File: pdftex.def 2011/05/27 v0.06d Graphics/color for pdfTeX
\Gread@gobject=\count105
))
\Gin@req@height=\dimen121
\Gin@req@width=\dimen122
)
("C:\Program Files\MiKTeX 2.9\tex\latex\multirow\multirow.sty"
\bigstrutjot=\dimen123
)
("C:\Program Files\MiKTeX 2.9\tex\latex\ams\math\amsmath.sty"
Package: amsmath 2000/07/18 v2.13 AMS math features
\@mathmargin=\skip46

For additional information on amsmath, use the `?' option.
("C:\Program Files\MiKTeX 2.9\tex\latex\ams\math\amstext.sty"
Package: amstext 2000/06/29 v2.01

("C:\Program Files\MiKTeX 2.9\tex\latex\ams\math\amsgen.sty"
File: amsgen.sty 1999/11/30 v2.0
\@emptytoks=\toks19
\ex@=\dimen124
))
("C:\Program Files\MiKTeX 2.9\tex\latex\ams\math\amsbsy.sty"
Package: amsbsy 1999/11/29 v1.2d
\pmbraise@=\dimen125
)
("C:\Program Files\MiKTeX 2.9\tex\latex\ams\math\amsopn.sty"
Package: amsopn 1999/12/14 v2.01 operator names
)
\inf@bad=\count106
LaTeX Info: Redefining \frac on input line 211.
\uproot@=\count107
\leftroot@=\count108
LaTeX Info: Redefining \overline on input line 307.
\classnum@=\count109
\DOTSCASE@=\count110
LaTeX Info: Redefining \ldots on input line 379.
LaTeX Info: Redefining \dots on input line 382.
LaTeX Info: Redefining \cdots on input line 467.
\Mathstrutbox@=\box26
\strutbox@=\box27
\big@size=\dimen126
LaTeX Font Info:    Redeclaring font encoding OML on input line 567.
LaTeX Font Info:    Redeclaring font encoding OMS on input line 568.
\macc@depth=\count111
\c@MaxMatrixCols=\count112
\dotsspace@=\muskip11
\c@parentequation=\count113
\dspbrk@lvl=\count114
\tag@help=\toks20
\row@=\count115
\column@=\count116
\maxfields@=\count117
\andhelp@=\toks21
\eqnshift@=\dimen127
\alignsep@=\dimen128
\tagshift@=\dimen129
\tagwidth@=\dimen130
\totwidth@=\dimen131
\lineht@=\dimen132
\@envbody=\toks22
\multlinegap=\skip47
\multlinetaggap=\skip48
\mathdisplay@stack=\toks23
LaTeX Info: Redefining \[ on input line 2666.
LaTeX Info: Redefining \] on input line 2667.
)
("C:\Program Files\MiKTeX 2.9\tex\latex\amsfonts\amssymb.sty"
Package: amssymb 2009/06/22 v3.00

("C:\Program Files\MiKTeX 2.9\tex\latex\amsfonts\amsfonts.sty"
Package: amsfonts 2009/06/22 v3.00 Basic AMSFonts support
\symAMSa=\mathgroup4
\symAMSb=\mathgroup5
LaTeX Font Info:    Overwriting math alphabet `\mathfrak' in version `bold'
(Font)                  U/euf/m/n --> U/euf/b/n on input line 96.
))
(C:\Users\ksirg\AppData\Roaming\MiKTeX\2.9\tex\latex\xcolor\xcolor.sty
Package: xcolor 2007/01/21 v2.11 LaTeX color extensions (UK)

("C:\Program Files\MiKTeX 2.9\tex\latex\00miktex\color.cfg"
File: color.cfg 2007/01/18 v1.5 color configuration of teTeX/TeXLive
)
Package xcolor Info: Driver file: pdftex.def on input line 225.

(C:\Users\ksirg\AppData\Roaming\MiKTeX\2.9\tex\latex\colortbl\colortbl.sty
Package: colortbl 2012/02/13 v1.0a Color table columns (DPC)

("C:\Program Files\MiKTeX 2.9\tex\latex\tools\array.sty"
Package: array 2008/09/09 v2.4c Tabular extension package (FMi)
\col@sep=\dimen133
\extrarowheight=\dimen134
\NC@list=\toks24
\extratabsurround=\skip49
\backup@length=\skip50
)
\everycr=\toks25
\minrowclearance=\skip51
)
\rownum=\count118
Package xcolor Info: Model `cmy' substituted by `cmy0' on input line 1337.
Package xcolor Info: Model `hsb' substituted by `rgb' on input line 1341.
Package xcolor Info: Model `RGB' extended on input line 1353.
Package xcolor Info: Model `HTML' substituted by `rgb' on input line 1355.
Package xcolor Info: Model `Hsb' substituted by `hsb' on input line 1356.
Package xcolor Info: Model `tHsb' substituted by `hsb' on input line 1357.
Package xcolor Info: Model `HSB' substituted by `hsb' on input line 1358.
Package xcolor Info: Model `Gray' substituted by `gray' on input line 1359.
Package xcolor Info: Model `wave' substituted by `hsb' on input line 1360.
)
(C:\Users\ksirg\AppData\Roaming\MiKTeX\2.9\tex\latex\booktabs\booktabs.sty
Package: booktabs 2005/04/14 v1.61803 publication quality tables
\heavyrulewidth=\dimen135
\lightrulewidth=\dimen136
\cmidrulewidth=\dimen137
\belowrulesep=\dimen138
\belowbottomsep=\dimen139
\aboverulesep=\dimen140
\abovetopsep=\dimen141
\cmidrulesep=\dimen142
\cmidrulekern=\dimen143
\defaultaddspace=\dimen144
\@cmidla=\count119
\@cmidlb=\count120
\@aboverulesep=\dimen145
\@belowrulesep=\dimen146
\@thisruleclass=\count121
\@lastruleclass=\count122
\@thisrulewidth=\dimen147
)
(C:\Users\ksirg\AppData\Roaming\MiKTeX\2.9\tex\latex\sidecap\sidecap.sty
Package: sidecap 2003/06/06 v1.6f SideCap Package (RN/HjG)
\SC@BOXWD=\dimen148
\SC@CAPWD=\dimen149
\SC@tempdima=\dimen150
\SC@tempdimb=\dimen151
\c@SC@C=\count123
\SC@BOX=\box28
)
(C:\Users\ksirg\AppData\Roaming\MiKTeX\2.9\tex\latex\wrapfig\wrapfig.sty
\wrapoverhang=\dimen152
\WF@size=\dimen153
\c@WF@wrappedlines=\count124
\WF@box=\box29
\WF@everypar=\toks26
Package: wrapfig 2003/01/31  v 3.6
)
(C:\Users\ksirg\AppData\Roaming\MiKTeX\2.9\tex\latex\caption\subcaption.sty
Package: subcaption 2013/02/03 v1.1-62 Sub-captions (AR)
\c@subfigure=\count125
\c@subtable=\count126
)
(C:\Users\ksirg\AppData\Roaming\MiKTeX\2.9\tex\latex\listings\listings.sty
\lst@mode=\count127
\lst@gtempboxa=\box30
\lst@token=\toks27
\lst@length=\count128
\lst@currlwidth=\dimen154
\lst@column=\count129
\lst@pos=\count130
\lst@lostspace=\dimen155
\lst@width=\dimen156
\lst@newlines=\count131
\lst@lineno=\count132
\lst@maxwidth=\dimen157

(C:\Users\ksirg\AppData\Roaming\MiKTeX\2.9\tex\latex\listings\lstmisc.sty
File: lstmisc.sty 2007/02/22 1.4 (Carsten Heinz)
\c@lstnumber=\count133
\lst@skipnumbers=\count134
\lst@framebox=\box31
)
(C:\Users\ksirg\AppData\Roaming\MiKTeX\2.9\tex\latex\listings\listings.cfg
File: listings.cfg 2007/02/22 1.4 listings configuration
))
Package: listings 2007/02/22 1.4 (Carsten Heinz)

(C:\Users\ksirg\AppData\Roaming\MiKTeX\2.9\tex\latex\setspace\setspace.sty
Package: setspace 2011/12/19 v6.7a set line spacing
)
\@indexfile=\write3

Writing index file c3_PU.idx
("D:\Dropbox\Programy u≈ºytkowe\c3\c3_PU.aux")
LaTeX Font Info:    Checking defaults for OML/cmm/m/it on input line 45.
LaTeX Font Info:    ... okay on input line 45.
LaTeX Font Info:    Checking defaults for T1/cmr/m/n on input line 45.
LaTeX Font Info:    ... okay on input line 45.
LaTeX Font Info:    Checking defaults for OT1/cmr/m/n on input line 45.
LaTeX Font Info:    ... okay on input line 45.
LaTeX Font Info:    Checking defaults for OMS/cmsy/m/n on input line 45.
LaTeX Font Info:    ... okay on input line 45.
LaTeX Font Info:    Checking defaults for OMX/cmex/m/n on input line 45.
LaTeX Font Info:    ... okay on input line 45.
LaTeX Font Info:    Checking defaults for U/cmr/m/n on input line 45.
LaTeX Font Info:    ... okay on input line 45.
LaTeX Font Info:    Checking defaults for OT4/cmr/m/n on input line 45.
LaTeX Font Info:    ... okay on input line 45.
LaTeX Font Info:    Checking defaults for PD1/pdf/m/n on input line 45.
LaTeX Font Info:    ... okay on input line 45.

*geometry* driver: auto-detecting
*geometry* detected driver: pdftex
*geometry* verbose mode - [ preamble ] result:
* driver: pdftex
* paper: a4paper
* layout: <same size as paper>
* layoutoffset:(h,v)=(0.0pt,0.0pt)
* modes: 
* h-part:(L,W,R)=(99.58464pt, 426.79135pt, 71.13188pt)
* v-part:(T,H,B)=(71.13188pt, 702.78308pt, 71.13188pt)
* \paperwidth=597.50787pt
* \paperheight=845.04684pt
* \textwidth=426.79135pt
* \textheight=702.78308pt
* \oddsidemargin=27.31465pt
* \evensidemargin=27.31465pt
* \topmargin=-38.1381pt
* \headheight=12.0pt
* \headsep=25.0pt
* \topskip=12.0pt
* \footskip=30.0pt
* \marginparwidth=35.0pt
* \marginparsep=10.0pt
* \columnsep=10.0pt
* \skip\footins=10.8pt plus 4.0pt minus 2.0pt
* \hoffset=0.0pt
* \voffset=0.0pt
* \mag=1000
* \@twocolumnfalse
* \@twosidefalse
* \@mparswitchfalse
* \@reversemarginfalse
* (1in=72.27pt=25.4mm, 1cm=28.453pt)

\AtBeginShipoutBox=\box32
Package hyperref Info: Link coloring OFF on input line 45.
("C:\Program Files\MiKTeX 2.9\tex\latex\hyperref\nameref.sty"
Package: nameref 2010/04/30 v2.40 Cross-referencing by name of section

("C:\Program Files\MiKTeX 2.9\tex\generic\oberdiek\gettitlestring.sty"
Package: gettitlestring 2010/12/03 v1.4 Cleanup title references (HO)
)
\c@section@level=\count135
)
LaTeX Info: Redefining \ref on input line 45.
LaTeX Info: Redefining \pageref on input line 45.
LaTeX Info: Redefining \nameref on input line 45.

("D:\Dropbox\Programy u≈ºytkowe\c3\c3_PU.out")
("D:\Dropbox\Programy u≈ºytkowe\c3\c3_PU.out")
\@outlinefile=\write4
Package caption Info: Begin \AtBeginDocument code.
Package caption Info: listings package is loaded.
Package caption Info: sidecap package is loaded.
Package caption Info: wrapfig package is loaded.
Package caption Info: End \AtBeginDocument code.

(C:\Users\ksirg\AppData\Roaming\MiKTeX\2.9\tex\context\base\supp-pdf.mkii
[Loading MPS to PDF converter (version 2006.09.02).]
\scratchcounter=\count136
\scratchdimen=\dimen158
\scratchbox=\box33
\nofMPsegments=\count137
\nofMParguments=\count138
\everyMPshowfont=\toks28
\MPscratchCnt=\count139
\MPscratchDim=\dimen159
\MPnumerator=\count140
\makeMPintoPDFobject=\count141
\everyMPtoPDFconversion=\toks29
) (C:\Users\ksirg\AppData\Roaming\MiKTeX\2.9\tex\latex\ms\ragged2e.sty
Package: ragged2e 2009/05/21 v2.1 ragged2e Package (MS)

(C:\Users\ksirg\AppData\Roaming\MiKTeX\2.9\tex\latex\ms\everysel.sty
Package: everysel 2011/10/28 v1.2 EverySelectfont Package (MS)

ABD: EverySelectfont initializing macros
LaTeX Info: Redefining \selectfont on input line 126.
)
\CenteringLeftskip=\skip52
\RaggedLeftLeftskip=\skip53
\RaggedRightLeftskip=\skip54
\CenteringRightskip=\skip55
\RaggedLeftRightskip=\skip56
\RaggedRightRightskip=\skip57
\CenteringParfillskip=\skip58
\RaggedLeftParfillskip=\skip59
\RaggedRightParfillskip=\skip60
\JustifyingParfillskip=\skip61
\CenteringParindent=\skip62
\RaggedLeftParindent=\skip63
\RaggedRightParindent=\skip64
\JustifyingParindent=\skip65
)
\c@lstlisting=\count142

<images.jpg, id=227, 180.675pt x 108.405pt>
File: images.jpg Graphic file (type jpg)
 <use images.jpg>
Package pdftex.def Info: images.jpg used on input line 52.
(pdftex.def)             Requested size: 144.54018pt x 86.7241pt.
File: images.jpg Graphic file (type jpg)
 <use images.jpg>
Package pdftex.def Info: images.jpg used on input line 65.
(pdftex.def)             Requested size: 144.54018pt x 86.7241pt.
LaTeX Font Info:    Try loading font information for OML+plm on input line 73.

(C:\Users\ksirg\AppData\Roaming\MiKTeX\2.9\tex\latex\polski\omlplm.fd
File: omlplm.fd 2008/02/24 v1.2.1 Font defs for fonts PL (MW)
)
LaTeX Font Info:    Try loading font information for OMS+plsy on input line 73.


(C:\Users\ksirg\AppData\Roaming\MiKTeX\2.9\tex\latex\polski\omsplsy.fd
File: omsplsy.fd 2008/02/24 v1.2.1 Font defs for fonts PL (MW)
)
LaTeX Font Info:    Try loading font information for OMX+plex on input line 73.


(C:\Users\ksirg\AppData\Roaming\MiKTeX\2.9\tex\latex\polski\omxplex.fd
File: omxplex.fd 2008/02/24 v1.2.1 Font defs for fonts PL (MW)
)
LaTeX Font Info:    External font `plex10' loaded for size
(Font)              <12> on input line 73.
LaTeX Font Info:    External font `plex10' loaded for size
(Font)              <8> on input line 73.
LaTeX Font Info:    External font `plex10' loaded for size
(Font)              <6> on input line 73.
LaTeX Font Info:    Try loading font information for U+msa on input line 73.

("C:\Program Files\MiKTeX 2.9\tex\latex\amsfonts\umsa.fd"
File: umsa.fd 2009/06/22 v3.00 AMS symbols A
)
LaTeX Font Info:    Try loading font information for U+msb on input line 73.

("C:\Program Files\MiKTeX 2.9\tex\latex\amsfonts\umsb.fd"
File: umsb.fd 2009/06/22 v3.00 AMS symbols B
)
Underfull \hbox (badness 10000) in paragraph at lines 73--86

 []

LaTeX Font Info:    Try loading font information for OMS+cmr on input line 91.
("C:\Program Files\MiKTeX 2.9\tex\latex\base\omscmr.fd"
File: omscmr.fd 1999/05/25 v2.5h Standard LaTeX font definitions
)
LaTeX Font Info:    Font shape `OMS/cmr/m/n' in size <12> not available
(Font)              Font shape `OMS/cmsy/m/n' tried instead on input line 91.

Overfull \hbox (70.55441pt too wide) in paragraph at lines 91--98
[]$\OMS/plsy/m/n/12 n$\OT4/cmr/m/n/12 usepackage\OMS/cmsy/m/n/12 f\OT4/cmr/m/n/
12 multirow\OMS/cmsy/m/n/12 g $\OMS/plsy/m/n/12 n$\OT4/cmr/m/n/12 usepackage[ta
ble]\OMS/cmsy/m/n/12 f\OT4/cmr/m/n/12 xcolor\OMS/cmsy/m/n/12 g $\OMS/plsy/m/n/1
2 n$\OT4/cmr/m/n/12 usepackage\OMS/cmsy/m/n/12 f\OT4/cmr/m/n/12 booktabs\OMS/cm
sy/m/n/12 g $\OMS/plsy/m/n/12 n$\OT4/cmr/m/n/12 usepackage\OMS/cmsy/m/n/12 f\OT
4/cmr/m/n/12 sidecap\OMS/cmsy/m/n/12 g
 []

[1

{C:/Users/ksirg/AppData/Local/MiKTeX/2.9/pdftex/config/pdftex.map} <D:/Dropbox/
Programy u≈ºytkowe/c3/images.jpg>]
LaTeX Font Info:    Font shape `OMS/cmr/m/n' in size <8> not available
(Font)              Font shape `OMS/cmsy/m/n' tried instead on input line 104.
LaTeX Font Info:    External font `plex10' loaded for size
(Font)              <5> on input line 105.
 [2] [3

] [4

] [5

] [6

] [7

] [8]
LaTeX Font Info:    Font shape `OMS/cmr/bx/n' in size <12> not available
(Font)              Font shape `OMS/cmsy/b/n' tried instead on input line 514.

Overfull \hbox (13.88646pt too wide) in paragraph at lines 514--515
[]\OT4/cmr/m/n/12 PrÛcz stan-dar-do-wych spe-cy-fi-ka-to-rÛw dla ko-lum-ny ta-b
e-li [r,l,c] mo-ªe-my po-da¢ \OT4/cmr/bx/n/12 p\OMS/cmsy/b/n/12 f\OT4/cmr/bx/n/
12 5cm\OMS/cmsy/b/n/12 g\OT4/cmr/bx/n/12 ,
 []

LaTeX Font Info:    Try loading font information for OT4+cmtt on input line 523
.
(C:\Users\ksirg\AppData\Roaming\MiKTeX\2.9\tex\latex\polski\ot4cmtt.fd
File: ot4cmtt.fd 2008/02/24 v1.2.1 Font defs for fonts PL (MW)
)
Overfull \hbox (3.70168pt too wide) in paragraph at lines 523--524
[][]\OT4/cmr/m/n/12 Pomocny mo-ªe by¢ ma-te-ria™ na stro-nie []$\OT4/cmtt/m/n/1
2 http : / / en . wikibooks . org / wiki / LaTeX /
 []

[9

]
Underfull \hbox (badness 2197) in paragraph at lines 552--554
[]|[]\OT4/cmr/m/n/12 Cloudy with ra-in, across
 []


Underfull \hbox (badness 5504) in paragraph at lines 555--558
\OT4/cmr/m/n/12 mor-ning. Con-di-tions will
 []

[10] [11] <R2D2.jpg, id=478, 385.44pt x 385.44pt>
File: R2D2.jpg Graphic file (type jpg)
 <use R2D2.jpg>
Package pdftex.def Info: R2D2.jpg used on input line 614.
(pdftex.def)             Requested size: 213.39568pt x 213.39241pt.
 [12

 <D:/Dropbox/Programy u≈ºytkowe/c3/R2D2.jpg>]
<tygrys.jpg, id=500, 505.89pt x 371.88937pt>
File: tygrys.jpg Graphic file (type jpg)
 <use tygrys.jpg>
Package pdftex.def Info: tygrys.jpg used on input line 641.
(pdftex.def)             Requested size: 213.39568pt x 156.87341pt.
File: tygrys.jpg Graphic file (type jpg)
 <use tygrys.jpg>
Package pdftex.def Info: tygrys.jpg used on input line 647.
(pdftex.def)             Requested size: 213.39568pt x 156.87341pt.

[13 <D:/Dropbox/Programy u≈ºytkowe/c3/tygrys.jpg>]
File: R2D2.jpg Graphic file (type jpg)
 <use R2D2.jpg>
Package pdftex.def Info: R2D2.jpg used on input line 676.
(pdftex.def)             Requested size: 38.54625pt x 38.54625pt.
File: R2D2.jpg Graphic file (type jpg)

<use R2D2.jpg>
Package pdftex.def Info: R2D2.jpg used on input line 677.
(pdftex.def)             Requested size: 38.54625pt x 38.54625pt.
File: R2D2.jpg Graphic file (type jpg)
 <use R2D2.jpg>
Package pdftex.def Info: R2D2.jpg used on input line 678.
(pdftex.def)             Requested size: 38.54625pt x 38.54625pt.
File: R2D2.jpg Graphic file (type jpg)
 <use R2D2.jpg>
Package pdftex.def Info: R2D2.jpg used on input line 679.
(pdftex.def)             Requested size: 38.54625pt x 38.54625pt.
 [14

] [15] [16

]

LaTeX Warning: Command \' invalid in math mode on input line 864.


LaTeX Warning: Command \l invalid in math mode on input line 864.


Underfull \hbox (badness 10000) in paragraph at lines 939--940

 []


Underfull \hbox (badness 10000) in paragraph at lines 959--961
[]|\OT4/cmr/m/n/12 Cloudy with ra-in,
 []


Underfull \hbox (badness 10000) in paragraph at lines 959--961
\OT4/cmr/m/n/12 across ma-ny nor-
 []


Underfull \hbox (badness 2809) in paragraph at lines 959--961
\OT4/cmr/m/n/12 thern re-gions. Cle-ar
 []


Underfull \hbox (badness 10000) in paragraph at lines 959--961
\OT4/cmr/m/n/12 Sco-tland and Nor-
 []


Underfull \hbox (badness 10000) in paragraph at lines 959--961
\OT4/cmr/m/n/12 thern Ire-land, but
 []


Underfull \hbox (badness 6396) in paragraph at lines 962--965
[]|\OT4/cmr/m/n/12 Rain will still lin-
 []


Underfull \hbox (badness 1152) in paragraph at lines 962--965
\OT4/cmr/m/n/12 ve by ear-ly after-no-
 []


LaTeX Warning: `h' float specifier changed to `ht'.

[17

] [18] <gull.png, id=629, 185.69376pt x 147.55125pt>
File: gull.png Graphic file (type png)
 <use gull.png>
Package pdftex.def Info: gull.png used on input line 1099.
(pdftex.def)             Requested size: 213.39568pt x 169.56776pt.


LaTeX Warning: `!h' float specifier changed to `!ht'.

File: gull.png Graphic file (type png)
<use gull.png>
Package pdftex.def Info: gull.png used on input line 1105.
(pdftex.def)             Requested size: 213.39568pt x 169.56776pt.


LaTeX Warning: `!h' float specifier changed to `!ht'.

File: tygrys.jpg Graphic file (type jpg)
<use tygrys.jpg>
Package pdftex.def Info: tygrys.jpg used on input line 1122.
(pdftex.def)             Requested size: 50.59195pt x 37.1911pt.
File: tygrys.jpg Graphic file (type jpg)
 <use tygrys.jpg>
Package pdftex.def Info: tygrys.jpg used on input line 1123.
(pdftex.def)             Requested size: 75.88022pt x 55.78099pt.
File: tygrys.jpg Graphic file (type jpg)
 <use tygrys.jpg>
Package pdftex.def Info: tygrys.jpg used on input line 1126.
(pdftex.def)             Requested size: 101.1762pt x 74.37656pt.
File: tygrys.jpg Graphic file (type jpg)
 <use tygrys.jpg>
Package pdftex.def Info: tygrys.jpg used on input line 1127.
(pdftex.def)             Requested size: 126.47218pt x 92.9721pt.


LaTeX Warning: `h' float specifier changed to `ht'.

File: tygrys.jpg Graphic file (type jpg)
<use tygrys.jpg>
Package pdftex.def Info: tygrys.jpg used on input line 1140.
(pdftex.def)             Requested size: 192.05493pt x 142.26707pt.
File: gull.png Graphic file (type png)
 <use gull.png>
Package pdftex.def Info: gull.png used on input line 1145.
(pdftex.def)             Requested size: 192.06006pt x 142.26672pt.

Overfull \hbox (2.61108pt too wide) in paragraph at lines 1139--1149
[][]$[]$ $[]$ 
 []


LaTeX Warning: `h' float specifier changed to `ht'.

Package atveryend Info: Empty hook `BeforeClearDocument' on input line 1159.
[19] [20 <D:/Dropbox/Programy u≈ºytkowe/c3/gull.png>] [21]
Package atveryend Info: Empty hook `AfterLastShipout' on input line 1159.

("D:\Dropbox\Programy u≈ºytkowe\c3\c3_PU.aux")
Package atveryend Info: Executing hook `AtVeryEndDocument' on input line 1159.
Package atveryend Info: Executing hook `AtEndAfterFileList' on input line 1159.

Package rerunfilecheck Info: File `c3_PU.out' has not changed.
(rerunfilecheck)             Checksum: A1DC90DEADF813AE4EC4F05B8E808846;4926.
Package atveryend Info: Empty hook `AtVeryVeryEnd' on input line 1159.
 ) 
Here is how much of TeX's memory you used:
 10566 strings out of 494045
 152988 string characters out of 3148387
 1414162 words of memory out of 3000000
 13306 multiletter control sequences out of 15000+200000
 14476 words of font info for 46 fonts, out of 3000000 for 9000
 715 hyphenation exceptions out of 8191
 41i,14n,39p,684b,1827s stack positions out of 5000i,500n,10000p,200000b,50000s
{C:/Users/ksirg/AppData/Roaming/MiKTeX/2.9/fonts/enc/dvips/pl/plrm.enc}{C:/Us
ers/ksirg/AppData/Roaming/MiKTeX/2.9/fonts/enc/dvips/pl/plmi.enc}{C:/Users/ksir
g/AppData/Roaming/MiKTeX/2.9/fonts/enc/dvips/pl/pltt.enc}{C:/Users/ksirg/AppDat
a/Roaming/MiKTeX/2.9/fonts/enc/dvips/pl/plsc.enc}{C:/Users/ksirg/AppData/Roamin
g/MiKTeX/2.9/fonts/enc/dvips/pl/plms.enc}<C:/Program Files/MiKTeX 2.9/fonts/typ
e1/public/amsfonts/cm/cmbsy10.pfb><C:/Program Files/MiKTeX 2.9/fonts/type1/publ
ic/amsfonts/cm/cmsy10.pfb><C:/Program Files/MiKTeX 2.9/fonts/type1/public/amsfo
nts/cm/cmsy8.pfb><C:/Program Files/MiKTeX 2.9/fonts/type1/public/amsfonts/latxf
ont/lcircle1.pfb><C:/Program Files/MiKTeX 2.9/fonts/type1/public/amsfonts/latxf
ont/line10.pfb><C:/Users/ksirg/AppData/Roaming/MiKTeX/2.9/fonts/type1/public/pl
/plbx12.pfb><C:/Users/ksirg/AppData/Roaming/MiKTeX/2.9/fonts/type1/public/pl/pl
mi12.pfb><C:/Users/ksirg/AppData/Roaming/MiKTeX/2.9/fonts/type1/public/pl/plmi6
.pfb><C:/Users/ksirg/AppData/Roaming/MiKTeX/2.9/fonts/type1/public/pl/plmi8.pfb
><C:/Users/ksirg/AppData/Roaming/MiKTeX/2.9/fonts/type1/public/pl/plr10.pfb><C:
/Users/ksirg/AppData/Roaming/MiKTeX/2.9/fonts/type1/public/pl/plr12.pfb><C:/Use
rs/ksirg/AppData/Roaming/MiKTeX/2.9/fonts/type1/public/pl/plr17.pfb><C:/Users/k
sirg/AppData/Roaming/MiKTeX/2.9/fonts/type1/public/pl/plr5.pfb><C:/Users/ksirg/
AppData/Roaming/MiKTeX/2.9/fonts/type1/public/pl/plr8.pfb><C:/Users/ksirg/AppDa
ta/Roaming/MiKTeX/2.9/fonts/type1/public/pl/plsy10.pfb><C:/Users/ksirg/AppData/
Roaming/MiKTeX/2.9/fonts/type1/public/pl/plsy8.pfb><C:/Users/ksirg/AppData/Roam
ing/MiKTeX/2.9/fonts/type1/public/pl/pltt12.pfb>
Output written on c3_PU.pdf (21 pages, 632860 bytes).
PDF statistics:
 798 PDF objects out of 1000 (max. 8388607)
 392 named destinations out of 1000 (max. 500000)
 469 words of extra memory for PDF output out of 10000 (max. 10000000)

