\BOOKMARK [1][-]{section.1}{Zadanie do wykonania}{}% 1
\BOOKMARK [1][-]{section.2}{Czesc Teoretyczna - Tabele w TeXu}{}% 2
\BOOKMARK [2][-]{subsection.2.1}{Pakiety, kt\363rych moze brakowac w nag\233\363wku pliku 1.tex}{section.2}% 3
\BOOKMARK [2][-]{subsection.2.2}{Tabela bez linii ograniczajacych}{section.2}% 4
\BOOKMARK [3][-]{subsubsection.2.2.1}{Kod TeXa przed kompilacja}{subsection.2.2}% 5
\BOOKMARK [3][-]{subsubsection.2.2.2}{pdf po kompilacji}{subsection.2.2}% 6
\BOOKMARK [2][-]{subsection.2.3}{Tabela z uzyciem linii pionowych}{section.2}% 7
\BOOKMARK [3][-]{subsubsection.2.3.1}{Kod TeXa przed kompilacja}{subsection.2.3}% 8
\BOOKMARK [3][-]{subsubsection.2.3.2}{pdf po kompilacji}{subsection.2.3}% 9
\BOOKMARK [2][-]{subsection.2.4}{Tabela z uzyciem linii poziomych}{section.2}% 10
\BOOKMARK [3][-]{subsubsection.2.4.1}{Kod TeXa przed kompilacja}{subsection.2.4}% 11
\BOOKMARK [3][-]{subsubsection.2.4.2}{pdf po kompilacji}{subsection.2.4}% 12
\BOOKMARK [2][-]{subsection.2.5}{Tabela z uzyciem linii poziomych i pionowych z wycentrowanymi wartosciami - opcja c}{section.2}% 13
\BOOKMARK [3][-]{subsubsection.2.5.1}{Kod TeXa przed kompilacja}{subsection.2.5}% 14
\BOOKMARK [3][-]{subsubsection.2.5.2}{pdf po kompilacji}{subsection.2.5}% 15
\BOOKMARK [2][-]{subsection.2.6}{Tabela z uzyciem linii poziomych i pionowych z wyr\363wnanymi do lewej strony wartosciami - opcja l}{section.2}% 16
\BOOKMARK [3][-]{subsubsection.2.6.1}{Kod TeXa przed kompilacja}{subsection.2.6}% 17
\BOOKMARK [3][-]{subsubsection.2.6.2}{pdf po kompilacji}{subsection.2.6}% 18
\BOOKMARK [2][-]{subsection.2.7}{Tabela z uzyciem linii poziomych i pionowych z wyr\363wnanymi do prawej strony wartosciami - opcja r}{section.2}% 19
\BOOKMARK [3][-]{subsubsection.2.7.1}{Kod TeXa przed kompilacja}{subsection.2.7}% 20
\BOOKMARK [3][-]{subsubsection.2.7.2}{pdf po kompilacji}{subsection.2.7}% 21
\BOOKMARK [2][-]{subsection.2.8}{Tabela, w kt\363rej uzywamy opcji multirow, pozwalajacej na \233aczenie wierszy kom\363rki}{section.2}% 22
\BOOKMARK [3][-]{subsubsection.2.8.1}{Kod TeXa przed kompilacja}{subsection.2.8}% 23
\BOOKMARK [3][-]{subsubsection.2.8.2}{pdf po kompilacji}{subsection.2.8}% 24
\BOOKMARK [2][-]{subsection.2.9}{Tabela, w kt\363rej uzywamy opcji TINY - zmniejszanie}{section.2}% 25
\BOOKMARK [3][-]{subsubsection.2.9.1}{Kod TeXa przed kompilacja}{subsection.2.9}% 26
\BOOKMARK [3][-]{subsubsection.2.9.2}{pdf po kompilacji}{subsection.2.9}% 27
\BOOKMARK [2][-]{subsection.2.10}{Tabela, w kt\363rej uzywamy srodowiska multicolumn - pozwalajacego na \233aczenie kolumn w kom\363rkach}{section.2}% 28
\BOOKMARK [3][-]{subsubsection.2.10.1}{Kod TeXa przed kompilacja}{subsection.2.10}% 29
\BOOKMARK [3][-]{subsubsection.2.10.2}{pdf po kompilacji}{subsection.2.10}% 30
\BOOKMARK [2][-]{subsection.2.11}{Tabela, uzycie instrukcji cline}{section.2}% 31
\BOOKMARK [3][-]{subsubsection.2.11.1}{Kod TeXa przed kompilacja}{subsection.2.11}% 32
\BOOKMARK [3][-]{subsubsection.2.11.2}{pdf po kompilacji}{subsection.2.11}% 33
\BOOKMARK [2][-]{subsection.2.12}{Okreslanie szerokosci kom\363rki i jej wyr\363wnania}{section.2}% 34
\BOOKMARK [3][-]{subsubsection.2.12.1}{Kod TeXa przed kompilacja}{subsection.2.12}% 35
\BOOKMARK [3][-]{subsubsection.2.12.2}{pdf po kompilacji}{subsection.2.12}% 36
\BOOKMARK [2][-]{subsection.2.13}{Kolorowanie wierszy}{section.2}% 37
\BOOKMARK [3][-]{subsubsection.2.13.1}{Kod TeXa przed kompilacja}{subsection.2.13}% 38
\BOOKMARK [3][-]{subsubsection.2.13.2}{pdf po kompilacji}{subsection.2.13}% 39
\BOOKMARK [1][-]{section.3}{Czesc Teoretyczna - Figury w TeXu}{}% 40
\BOOKMARK [2][-]{subsection.3.1}{Wyswietlanie grafiki R2D2.jpg}{section.3}% 41
\BOOKMARK [3][-]{subsubsection.3.1.1}{Kod TeXa przed kompilacja}{subsection.3.1}% 42
\BOOKMARK [3][-]{subsubsection.3.1.2}{pdf po kompilacji}{subsection.3.1}% 43
\BOOKMARK [2][-]{subsection.3.2}{Wyswietlanie grafiki z odbiciem}{section.3}% 44
\BOOKMARK [3][-]{subsubsection.3.2.1}{Kod TeXa przed kompilacja}{subsection.3.2}% 45
\BOOKMARK [3][-]{subsubsection.3.2.2}{pdf po kompilacji}{subsection.3.2}% 46
\BOOKMARK [2][-]{subsection.3.3}{Wyswietlanie wielu obrazk\363w jednoczesnie}{section.3}% 47
\BOOKMARK [3][-]{subsubsection.3.3.1}{Kod TeXa przed kompilacja}{subsection.3.3}% 48
\BOOKMARK [3][-]{subsubsection.3.3.2}{pdf po kompilacji}{subsection.3.3}% 49
\BOOKMARK [2][-]{subsection.3.4}{Rysowanie za pomoca krzywych Beziera}{section.3}% 50
\BOOKMARK [3][-]{subsubsection.3.4.1}{Kod TeXa przed kompilacja}{subsection.3.4}% 51
\BOOKMARK [3][-]{subsubsection.3.4.2}{pdf po kompilacji}{subsection.3.4}% 52
\BOOKMARK [1][-]{section.4}{Zadania do wykonania}{}% 53
\BOOKMARK [2][-]{subsection.4.1}{Tabele do przedstawienia w TeXu}{section.4}% 54
\BOOKMARK [2][-]{subsection.4.2}{Wstawianie obraz\363w}{section.4}% 55
\BOOKMARK [3][-]{subsubsection.4.2.1}{Wiele obraz\363w obok siebie}{subsection.4.2}% 56
